
-----
Test: test_1.py::Test_Pet_Store::test_pet_1 (call)
Time: 2023-05-28 20:44:37.060045
Request method: POST
Request URL: https://petstore.swagger.io/v2/pet

Response code: 200
Response text: {"id":9223372036854752481,"category":{"id":1,"name":"dogs"},"name":"bobik","photoUrls":["empty"],"tags":[{"id":2,"name":"big"}],"status":"available"}
Response headers: {'Date': 'Sun, 28 May 2023 16:44:37 GMT', 'Content-Type': 'application/json', 'Transfer-Encoding': 'chunked', 'Connection': 'keep-alive', 'Access-Control-Allow-Origin': '*', 'Access-Control-Allow-Methods': 'GET, POST, DELETE, PUT', 'Access-Control-Allow-Headers': 'Content-Type, api_key, Authorization', 'Server': 'Jetty(9.2.9.v20150224)'}
Response cookies: {}

-----

-----
Test: test_1.py::Test_Pet_Store::test_pet_1 (call)
Time: 2023-05-28 20:44:37.815232
Request method: GET
Request URL: https://petstore.swagger.io/v2/pet/9223372036854752481

Response code: 200
Response text: {"id":9223372036854752481,"category":{"id":1,"name":"dogs"},"name":"bobik","photoUrls":["empty"],"tags":[{"id":2,"name":"big"}],"status":"available"}
Response headers: {'Date': 'Sun, 28 May 2023 16:44:38 GMT', 'Content-Type': 'application/json', 'Transfer-Encoding': 'chunked', 'Connection': 'keep-alive', 'Access-Control-Allow-Origin': '*', 'Access-Control-Allow-Methods': 'GET, POST, DELETE, PUT', 'Access-Control-Allow-Headers': 'Content-Type, api_key, Authorization', 'Server': 'Jetty(9.2.9.v20150224)'}
Response cookies: {}

-----

-----
Test: test_1.py::Test_Pet_Store::test_pet_1 (call)
Time: 2023-05-28 20:44:38.399456
Request method: PUT
Request URL: https://petstore.swagger.io/v2/pet

Response code: 200
Response text: {"id":9223372036854752481,"category":{"id":2,"name":"cats"},"name":"barsik","photoUrls":["empty"],"tags":[{"id":3,"name":"small"}],"status":"available"}
Response headers: {'Date': 'Sun, 28 May 2023 16:44:38 GMT', 'Content-Type': 'application/json', 'Transfer-Encoding': 'chunked', 'Connection': 'keep-alive', 'Access-Control-Allow-Origin': '*', 'Access-Control-Allow-Methods': 'GET, POST, DELETE, PUT', 'Access-Control-Allow-Headers': 'Content-Type, api_key, Authorization', 'Server': 'Jetty(9.2.9.v20150224)'}
Response cookies: {}

-----

-----
Test: test_1.py::Test_Pet_Store::test_pet_1 (call)
Time: 2023-05-28 20:44:38.984972
Request method: GET
Request URL: https://petstore.swagger.io/v2/pet/9223372036854752481

Response code: 200
Response text: {"id":9223372036854752481,"category":{"id":2,"name":"cats"},"name":"barsik","photoUrls":["empty"],"tags":[{"id":3,"name":"small"}],"status":"available"}
Response headers: {'Date': 'Sun, 28 May 2023 16:44:39 GMT', 'Content-Type': 'application/json', 'Transfer-Encoding': 'chunked', 'Connection': 'keep-alive', 'Access-Control-Allow-Origin': '*', 'Access-Control-Allow-Methods': 'GET, POST, DELETE, PUT', 'Access-Control-Allow-Headers': 'Content-Type, api_key, Authorization', 'Server': 'Jetty(9.2.9.v20150224)'}
Response cookies: {}

-----

-----
Test: test_1.py::Test_Pet_Store::test_pet_1 (call)
Time: 2023-05-28 20:44:39.590950
Request method: DELETE
Request URL: https://petstore.swagger.io/v2/pet/9223372036854752481

Response code: 200
Response text: {"code":200,"type":"unknown","message":"9223372036854752481"}
Response headers: {'Date': 'Sun, 28 May 2023 16:44:40 GMT', 'Content-Type': 'application/json', 'Transfer-Encoding': 'chunked', 'Connection': 'keep-alive', 'Access-Control-Allow-Origin': '*', 'Access-Control-Allow-Methods': 'GET, POST, DELETE, PUT', 'Access-Control-Allow-Headers': 'Content-Type, api_key, Authorization', 'Server': 'Jetty(9.2.9.v20150224)'}
Response cookies: {}

-----

-----
Test: test_1.py::Test_Pet_Store::test_pet_1 (call)
Time: 2023-05-28 20:44:40.153373
Request method: GET
Request URL: https://petstore.swagger.io/v2/pet/9223372036854752481

Response code: 404
Response text: {"code":1,"type":"error","message":"Pet not found"}
Response headers: {'Date': 'Sun, 28 May 2023 16:44:40 GMT', 'Content-Type': 'application/json', 'Transfer-Encoding': 'chunked', 'Connection': 'keep-alive', 'Access-Control-Allow-Origin': '*', 'Access-Control-Allow-Methods': 'GET, POST, DELETE, PUT', 'Access-Control-Allow-Headers': 'Content-Type, api_key, Authorization', 'Server': 'Jetty(9.2.9.v20150224)'}
Response cookies: {}

-----
